[2024-05-26T20:31:55.933+0000] {manager.py:470} INFO - Processing files using up to 1 processes at a time 
[2024-05-26T20:31:55.933+0000] {manager.py:471} INFO - Process each file at most once every 30 seconds
[2024-05-26T20:31:55.934+0000] {manager.py:472} INFO - Checking for new files in /opt/airflow/dags every 300 seconds
[2024-05-26T20:31:55.935+0000] {manager.py:737} INFO - Searching for files in /opt/airflow/dags
[2024-05-26T20:31:55.936+0000] {manager.py:740} INFO - There are 0 files in /opt/airflow/dags
[2024-05-26T20:36:55.948+0000] {manager.py:737} INFO - Searching for files in /opt/airflow/dags
[2024-05-26T20:36:55.953+0000] {manager.py:740} INFO - There are 0 files in /opt/airflow/dags
[2024-05-26T20:41:56.057+0000] {manager.py:737} INFO - Searching for files in /opt/airflow/dags
[2024-05-26T20:41:56.062+0000] {manager.py:740} INFO - There are 0 files in /opt/airflow/dags
[2024-05-26T20:43:29.544+0000] {manager.py:452} INFO - Exiting gracefully upon receiving signal 15
[2024-05-26T20:44:22.631+0000] {manager.py:470} INFO - Processing files using up to 1 processes at a time 
[2024-05-26T20:44:22.632+0000] {manager.py:471} INFO - Process each file at most once every 30 seconds
[2024-05-26T20:44:22.633+0000] {manager.py:472} INFO - Checking for new files in /opt/airflow/dags every 300 seconds
[2024-05-26T20:44:22.633+0000] {manager.py:737} INFO - Searching for files in /opt/airflow/dags
[2024-05-26T20:44:22.635+0000] {manager.py:740} INFO - There are 0 files in /opt/airflow/dags
[2024-05-26T20:48:02.802+0000] {manager.py:452} INFO - Exiting gracefully upon receiving signal 15
[2024-05-26T20:48:41.610+0000] {manager.py:470} INFO - Processing files using up to 1 processes at a time 
[2024-05-26T20:48:41.611+0000] {manager.py:471} INFO - Process each file at most once every 30 seconds
[2024-05-26T20:48:41.611+0000] {manager.py:472} INFO - Checking for new files in /opt/airflow/dags every 300 seconds
[2024-05-26T20:48:41.612+0000] {manager.py:737} INFO - Searching for files in /opt/airflow/dags
[2024-05-26T20:48:41.614+0000] {manager.py:740} INFO - There are 0 files in /opt/airflow/dags
[2024-05-26T20:51:36.921+0000] {manager.py:452} INFO - Exiting gracefully upon receiving signal 15
[2024-05-26T20:57:06.133+0000] {manager.py:470} INFO - Processing files using up to 1 processes at a time 
[2024-05-26T20:57:06.133+0000] {manager.py:471} INFO - Process each file at most once every 30 seconds
[2024-05-26T20:57:06.134+0000] {manager.py:472} INFO - Checking for new files in /opt/airflow/dags every 300 seconds
[2024-05-26T20:57:06.134+0000] {manager.py:737} INFO - Searching for files in /opt/airflow/dags
[2024-05-26T20:57:06.136+0000] {manager.py:740} INFO - There are 0 files in /opt/airflow/dags
